#
# There is insufficient memory for the Java Runtime Environment to continue.
# Native memory allocation (mmap) failed to map 141557760 bytes for committing reserved memory.
# Possible reasons:
#   The system is out of physical RAM or swap space
#   In 32 bit mode, the process size limit was hit
# Possible solutions:
#   Reduce memory load on the system
#   Increase physical memory or swap space
#   Check if swap backing store is full
#   Use 64 bit Java on a 64 bit OS
#   Decrease Java heap size (-Xmx/-Xms)
#   Decrease number of Java threads
#   Decrease Java thread stack sizes (-Xss)
#   Set larger code cache with -XX:ReservedCodeCacheSize=
# This output file may be truncated or incomplete.
#
#  Out of Memory Error (os_linux.cpp:2640), pid=25536, tid=0x00007fea719f9700
#
# JRE version: Java(TM) SE Runtime Environment (8.0_151-b12) (build 1.8.0_151-b12)
# Java VM: Java HotSpot(TM) 64-Bit Server VM (25.151-b12 mixed mode linux-amd64 compressed oops)
# Failed to write core dump. Core dumps have been disabled. To enable core dumping, try "ulimit -c unlimited" before starting Java again
#

---------------  T H R E A D  ---------------

Current thread (0x00007fea88078000):  VMThread [stack: 0x00007fea718f9000,0x00007fea719fa000] [id=25546]

Stack: [0x00007fea718f9000,0x00007fea719fa000],  sp=0x00007fea719f81a0,  free space=1020k
Native frames: (J=compiled Java code, j=interpreted, Vv=VM code, C=native code)
V  [libjvm.so+0xacb58a]  VMError::report_and_die()+0x2ba
V  [libjvm.so+0x4ff4ab]  report_vm_out_of_memory(char const*, int, unsigned long, VMErrorType, char const*)+0x8b
V  [libjvm.so+0x928113]  os::Linux::commit_memory_impl(char*, unsigned long, bool)+0x103
V  [libjvm.so+0x928669]  os::pd_commit_memory(char*, unsigned long, unsigned long, bool)+0x29
V  [libjvm.so+0x92288a]  os::commit_memory(char*, unsigned long, unsigned long, bool)+0x2a
V  [libjvm.so+0x9973e3]  PSVirtualSpace::expand_by(unsigned long)+0x53
V  [libjvm.so+0x987ca0]  PSOldGen::expand(unsigned long)+0x170
V  [libjvm.so+0x987eab]  PSOldGen::resize(unsigned long)+0x1cb
V  [libjvm.so+0x98fbb1]  PSParallelCompact::invoke_no_policy(bool)+0x991
V  [libjvm.so+0x99550d]  PSScavenge::invoke()+0x1ad
V  [libjvm.so+0x94c0d0]  ParallelScavengeHeap::failed_mem_allocate(unsigned long)+0x70
V  [libjvm.so+0xaccfa7]  VM_ParallelGCFailedAllocation::doit()+0x97
V  [libjvm.so+0xad4a85]  VM_Operation::evaluate()+0x55
V  [libjvm.so+0xad2e5a]  VMThread::evaluate_operation(VM_Operation*)+0xba
V  [libjvm.so+0xad31de]  VMThread::loop()+0x1ce
V  [libjvm.so+0xad3650]  VMThread::run()+0x70
V  [libjvm.so+0x92a728]  java_start(Thread*)+0x108

VM_Operation (0x00007fea7072fc60): ParallelGCFailedAllocation, mode: safepoint, requested by thread 0x00007fea88199800


---------------  P R O C E S S  ---------------

Java Threads: ( => current thread )
  0x00007fea881a0800 JavaThread "pool-2-thread-4" [_thread_blocked, id=25559, stack(0x00007fea7022d000,0x00007fea7032e000)]
  0x00007fea8819f800 JavaThread "pool-2-thread-3" [_thread_blocked, id=25558, stack(0x00007fea7032e000,0x00007fea7042f000)]
  0x00007fea8819d000 JavaThread "pool-2-thread-2" [_thread_blocked, id=25557, stack(0x00007fea7042f000,0x00007fea70530000)]
  0x00007fea8819b800 JavaThread "pool-3-thread-1" [_thread_blocked, id=25556, stack(0x00007fea70530000,0x00007fea70631000)]
  0x00007fea88199800 JavaThread "pool-2-thread-1" [_thread_blocked, id=25555, stack(0x00007fea70631000,0x00007fea70732000)]
  0x00007fea880c8800 JavaThread "Service Thread" daemon [_thread_blocked, id=25553, stack(0x00007fea70833000,0x00007fea70934000)]
  0x00007fea880bd800 JavaThread "C1 CompilerThread2" daemon [_thread_blocked, id=25552, stack(0x00007fea70934000,0x00007fea70a35000)]
  0x00007fea880bb800 JavaThread "C2 CompilerThread1" daemon [_thread_blocked, id=25551, stack(0x00007fea70a35000,0x00007fea70b36000)]
  0x00007fea880b8800 JavaThread "C2 CompilerThread0" daemon [_thread_blocked, id=25550, stack(0x00007fea70b36000,0x00007fea70c37000)]
  0x00007fea880b4800 JavaThread "Signal Dispatcher" daemon [_thread_blocked, id=25549, stack(0x00007fea70c37000,0x00007fea70d38000)]
  0x00007fea88084000 JavaThread "Finalizer" daemon [_thread_blocked, id=25548, stack(0x00007fea716f7000,0x00007fea717f8000)]
  0x00007fea8807f800 JavaThread "Reference Handler" daemon [_thread_blocked, id=25547, stack(0x00007fea717f8000,0x00007fea718f9000)]
  0x00007fea8800a000 JavaThread "main" [_thread_blocked, id=25538, stack(0x00007fea900a2000,0x00007fea901a3000)]

Other Threads:
=>0x00007fea88078000 VMThread [stack: 0x00007fea718f9000,0x00007fea719fa000] [id=25546]
  0x00007fea880cb800 WatcherThread [stack: 0x00007fea70732000,0x00007fea70833000] [id=25554]

VM state:at safepoint (normal execution)

VM Mutex/Monitor currently owned by a thread:  ([mutex/lock_event])
[0x00007fea88005e30] ExpandHeap_lock - owner thread: 0x00007fea88078000
[0x00007fea880064b0] Threads_lock - owner thread: 0x00007fea88078000
[0x00007fea880069b0] Heap_lock - owner thread: 0x00007fea88199800

Heap:
 PSYoungGen      total 239616K, used 8997K [0x00000000eab00000, 0x0000000100000000, 0x0000000100000000)
  eden space 167936K, 0% used [0x00000000eab00000,0x00000000eab00000,0x00000000f4f00000)
  from space 71680K, 12% used [0x00000000fba00000,0x00000000fc2c9480,0x0000000100000000)
  to   space 90624K, 0% used [0x00000000f4f00000,0x00000000f4f00000,0x00000000fa780000)
 ParOldGen       total 285696K, used 285426K [0x00000000c0000000, 0x00000000d1700000, 0x00000000eab00000)
  object space 285696K, 99% used [0x00000000c0000000,0x00000000d16bc940,0x00000000d1700000)
 Metaspace       used 6661K, capacity 7320K, committed 7680K, reserved 1056768K
  class space    used 630K, capacity 656K, committed 768K, reserved 1048576K

Card table byte_map: [0x00007fea8cc3f000,0x00007fea8ce40000] byte_map_base: 0x00007fea8c63f000

Marking Bits: (ParMarkBitMap*) 0x00007fea8f571f80
 Begin Bits: [0x00007fea72000000, 0x00007fea73000000)
 End Bits:   [0x00007fea73000000, 0x00007fea74000000)

Polling page: 0x00007fea901c2000

CodeCache: size=245760Kb used=11189Kb max_used=11202Kb free=234570Kb
 bounds [0x00007fea79000000, 0x00007fea79b00000, 0x00007fea88000000]
 total_blobs=2697 nmethods=2427 adapters=183
 compilation: enabled

Compilation events (10 events):
Event: 38.357 Thread 0x00007fea880bd800 2784       1       com.android.dx.rop.cst.CstLiteral32::getLongBits (6 bytes)
Event: 38.357 Thread 0x00007fea880bd800 nmethod 2784 0x00007fea7913f750 code [0x00007fea7913f8a0, 0x00007fea7913f9b0]
Event: 38.464 Thread 0x00007fea880bb800 nmethod 2653% 0x00007fea79abc150 code [0x00007fea79abc440, 0x00007fea79abd250]
Event: 38.465 Thread 0x00007fea880bb800 2552       4       com.android.dx.ssa.back.SsaToRop$1::visitBlock (97 bytes)
Event: 38.629 Thread 0x00007fea880bd800 2788 %     3       com.android.dx.dex.file.ValueEncoder::addContents @ 44 (75 bytes)
Event: 38.632 Thread 0x00007fea880bd800 nmethod 2788% 0x00007fea79a87ed0 code [0x00007fea79a880c0, 0x00007fea79a88d18]
Event: 38.756 Thread 0x00007fea880bb800 nmethod 2552 0x00007fea79af8490 code [0x00007fea79af8720, 0x00007fea79af9e88]
Event: 38.758 Thread 0x00007fea880bb800 2716       4       com.android.dx.ssa.PhiTypeResolver::run (179 bytes)
Event: 38.816 Thread 0x00007fea880bd800 2789       3       com.android.dx.dex.file.ValueEncoder::addContents (75 bytes)
Event: 38.818 Thread 0x00007fea880bd800 nmethod 2789 0x00007fea79abb010 code [0x00007fea79abb200, 0x00007fea79abbdf8]

GC Heap History (10 events):
Event: 24.062 GC heap after
Heap after GC invocations=15 (full 2):
 PSYoungGen      total 282624K, used 31441K [0x00000000eab00000, 0x0000000100000000, 0x0000000100000000)
  eden space 216064K, 0% used [0x00000000eab00000,0x00000000eab00000,0x00000000f7e00000)
  from space 66560K, 47% used [0x00000000f7e00000,0x00000000f9cb4458,0x00000000fbf00000)
  to   space 64512K, 0% used [0x00000000fc100000,0x00000000fc100000,0x0000000100000000)
 ParOldGen       total 179712K, used 178316K [0x00000000c0000000, 0x00000000caf80000, 0x00000000eab00000)
  object space 179712K, 99% used [0x00000000c0000000,0x00000000cae23038,0x00000000caf80000)
 Metaspace       used 6647K, capacity 7320K, committed 7680K, reserved 1056768K
  class space    used 630K, capacity 656K, committed 768K, reserved 1048576K
}
Event: 24.062 GC heap before
{Heap before GC invocations=16 (full 3):
 PSYoungGen      total 282624K, used 31441K [0x00000000eab00000, 0x0000000100000000, 0x0000000100000000)
  eden space 216064K, 0% used [0x00000000eab00000,0x00000000eab00000,0x00000000f7e00000)
  from space 66560K, 47% used [0x00000000f7e00000,0x00000000f9cb4458,0x00000000fbf00000)
  to   space 64512K, 0% used [0x00000000fc100000,0x00000000fc100000,0x0000000100000000)
 ParOldGen       total 179712K, used 178316K [0x00000000c0000000, 0x00000000caf80000, 0x00000000eab00000)
  object space 179712K, 99% used [0x00000000c0000000,0x00000000cae23038,0x00000000caf80000)
 Metaspace       used 6647K, capacity 7320K, committed 7680K, reserved 1056768K
  class space    used 630K, capacity 656K, committed 768K, reserved 1048576K
Event: 30.700 GC heap after
Heap after GC invocations=16 (full 3):
 PSYoungGen      total 282624K, used 25116K [0x00000000eab00000, 0x0000000100000000, 0x0000000100000000)
  eden space 216064K, 0% used [0x00000000eab00000,0x00000000eab00000,0x00000000f7e00000)
  from space 66560K, 37% used [0x00000000f7e00000,0x00000000f9687110,0x00000000fbf00000)
  to   space 64512K, 0% used [0x00000000fc100000,0x00000000fc100000,0x0000000100000000)
 ParOldGen       total 285696K, used 179520K [0x00000000c0000000, 0x00000000d1700000, 0x00000000eab00000)
  object space 285696K, 62% used [0x00000000c0000000,0x00000000caf501f0,0x00000000d1700000)
 Metaspace       used 6647K, capacity 7320K, committed 7680K, reserved 1056768K
  class space    used 630K, capacity 656K, committed 768K, reserved 1048576K
}
Event: 33.759 GC heap before
{Heap before GC invocations=17 (full 3):
 PSYoungGen      total 282624K, used 241180K [0x00000000eab00000, 0x0000000100000000, 0x0000000100000000)
  eden space 216064K, 100% used [0x00000000eab00000,0x00000000f7e00000,0x00000000f7e00000)
  from space 66560K, 37% used [0x00000000f7e00000,0x00000000f9687110,0x00000000fbf00000)
  to   space 64512K, 0% used [0x00000000fc100000,0x00000000fc100000,0x0000000100000000)
 ParOldGen       total 285696K, used 179520K [0x00000000c0000000, 0x00000000d1700000, 0x00000000eab00000)
  object space 285696K, 62% used [0x00000000c0000000,0x00000000caf501f0,0x00000000d1700000)
 Metaspace       used 6655K, capacity 7320K, committed 7680K, reserved 1056768K
  class space    used 630K, capacity 656K, committed 768K, reserved 1048576K
Event: 34.293 GC heap after
Heap after GC invocations=17 (full 3):
 PSYoungGen      total 270336K, used 56635K [0x00000000eab00000, 0x0000000100000000, 0x0000000100000000)
  eden space 205824K, 0% used [0x00000000eab00000,0x00000000eab00000,0x00000000f7400000)
  from space 64512K, 87% used [0x00000000fc100000,0x00000000ff84ef78,0x0000000100000000)
  to   space 71680K, 0% used [0x00000000f7400000,0x00000000f7400000,0x00000000fba00000)
 ParOldGen       total 285696K, used 179520K [0x00000000c0000000, 0x00000000d1700000, 0x00000000eab00000)
  object space 285696K, 62% used [0x00000000c0000000,0x00000000caf501f0,0x00000000d1700000)
 Metaspace       used 6655K, capacity 7320K, committed 7680K, reserved 1056768K
  class space    used 630K, capacity 656K, committed 768K, reserved 1048576K
}
Event: 36.803 GC heap before
{Heap before GC invocations=18 (full 3):
 PSYoungGen      total 270336K, used 262459K [0x00000000eab00000, 0x0000000100000000, 0x0000000100000000)
  eden space 205824K, 100% used [0x00000000eab00000,0x00000000f7400000,0x00000000f7400000)
  from space 64512K, 87% used [0x00000000fc100000,0x00000000ff84ef78,0x0000000100000000)
  to   space 71680K, 0% used [0x00000000f7400000,0x00000000f7400000,0x00000000fba00000)
 ParOldGen       total 285696K, used 179520K [0x00000000c0000000, 0x00000000d1700000, 0x00000000eab00000)
  object space 285696K, 62% used [0x00000000c0000000,0x00000000caf501f0,0x00000000d1700000)
 Metaspace       used 6661K, capacity 7320K, committed 7680K, reserved 1056768K
  class space    used 630K, capacity 656K, committed 768K, reserved 1048576K
Event: 37.247 GC heap after
Heap after GC invocations=18 (full 3):
 PSYoungGen      total 277504K, used 71657K [0x00000000eab00000, 0x0000000100000000, 0x0000000100000000)
  eden space 205824K, 0% used [0x00000000eab00000,0x00000000eab00000,0x00000000f7400000)
  from space 71680K, 99% used [0x00000000f7400000,0x00000000fb9fa7b0,0x00000000fba00000)
  to   space 71680K, 0% used [0x00000000fba00000,0x00000000fba00000,0x0000000100000000)
 ParOldGen       total 285696K, used 192220K [0x00000000c0000000, 0x00000000d1700000, 0x00000000eab00000)
  object space 285696K, 67% used [0x00000000c0000000,0x00000000cbbb7018,0x00000000d1700000)
 Metaspace       used 6661K, capacity 7320K, committed 7680K, reserved 1056768K
  class space    used 630K, capacity 656K, committed 768K, reserved 1048576K
}
Event: 39.635 GC heap before
{Heap before GC invocations=19 (full 3):
 PSYoungGen      total 277504K, used 277481K [0x00000000eab00000, 0x0000000100000000, 0x0000000100000000)
  eden space 205824K, 100% used [0x00000000eab00000,0x00000000f7400000,0x00000000f7400000)
  from space 71680K, 99% used [0x00000000f7400000,0x00000000fb9fa7b0,0x00000000fba00000)
  to   space 71680K, 0% used [0x00000000fba00000,0x00000000fba00000,0x0000000100000000)
 ParOldGen       total 285696K, used 192220K [0x00000000c0000000, 0x00000000d1700000, 0x00000000eab00000)
  object space 285696K, 67% used [0x00000000c0000000,0x00000000cbbb7018,0x00000000d1700000)
 Metaspace       used 6661K, capacity 7320K, committed 7680K, reserved 1056768K
  class space    used 630K, capacity 656K, committed 768K, reserved 1048576K
Event: 40.196 GC heap after
Heap after GC invocations=19 (full 3):
 PSYoungGen      total 239616K, used 56292K [0x00000000eab00000, 0x0000000100000000, 0x0000000100000000)
  eden space 167936K, 0% used [0x00000000eab00000,0x00000000eab00000,0x00000000f4f00000)
  from space 71680K, 78% used [0x00000000fba00000,0x00000000ff0f9248,0x0000000100000000)
  to   space 90624K, 0% used [0x00000000f4f00000,0x00000000f4f00000,0x00000000fa780000)
 ParOldGen       total 285696K, used 241345K [0x00000000c0000000, 0x00000000d1700000, 0x00000000eab00000)
  object space 285696K, 84% used [0x00000000c0000000,0x00000000cebb06d8,0x00000000d1700000)
 Metaspace       used 6661K, capacity 7320K, committed 7680K, reserved 1056768K
  class space    used 630K, capacity 656K, committed 768K, reserved 1048576K
}
Event: 40.196 GC heap before
{Heap before GC invocations=20 (full 4):
 PSYoungGen      total 239616K, used 56292K [0x00000000eab00000, 0x0000000100000000, 0x0000000100000000)
  eden space 167936K, 0% used [0x00000000eab00000,0x00000000eab00000,0x00000000f4f00000)
  from space 71680K, 78% used [0x00000000fba00000,0x00000000ff0f9248,0x0000000100000000)
  to   space 90624K, 0% used [0x00000000f4f00000,0x00000000f4f00000,0x00000000fa780000)
 ParOldGen       total 285696K, used 241345K [0x00000000c0000000, 0x00000000d1700000, 0x00000000eab00000)
  object space 285696K, 84% used [0x00000000c0000000,0x00000000cebb06d8,0x00000000d1700000)
 Metaspace       used 6661K, capacity 7320K, committed 7680K, reserved 1056768K
  class space    used 630K, capacity 656K, committed 768K, reserved 1048576K

Deoptimization events (10 events):
Event: 22.253 Thread 0x00007fea88199800 Uncommon trap: reason=bimorphic action=maybe_recompile pc=0x00007fea7999a4b8 method=com.android.dx.rop.code.RegisterSpec.withSimpleType()Lcom/android/dx/rop/code/RegisterSpec; @ 21
Event: 22.253 Thread 0x00007fea88199800 Uncommon trap: reason=bimorphic action=maybe_recompile pc=0x00007fea7999a4b8 method=com.android.dx.rop.code.RegisterSpec.withSimpleType()Lcom/android/dx/rop/code/RegisterSpec; @ 21
Event: 31.690 Thread 0x00007fea8819f800 Uncommon trap: reason=unstable_if action=reinterpret pc=0x00007fea79a431f4 method=com.android.dx.ssa.SCCP.simulateBranch(Lcom/android/dx/ssa/SsaInsn;)V @ 334
Event: 32.307 Thread 0x00007fea8819d000 Uncommon trap: reason=unstable_if action=reinterpret pc=0x00007fea798f1814 method=com.android.dx.cf.code.Ropper.processBlock(Lcom/android/dx/cf/code/ByteBlock;Lcom/android/dx/cf/code/Frame;[I)V @ 651
Event: 32.336 Thread 0x00007fea8819d000 Uncommon trap: reason=unstable_if action=reinterpret pc=0x00007fea7960c594 method=com.android.dx.ssa.SsaRenamer$BlockRenamer.visitMoveInsn(Lcom/android/dx/ssa/NormalSsaInsn;)V @ 94
Event: 32.801 Thread 0x00007fea8819d000 Uncommon trap: reason=unstable_if action=reinterpret pc=0x00007fea79a69240 method=com.android.dx.ssa.InterferenceRegisterMapper.interferes(III)Z @ 69
Event: 36.684 Thread 0x00007fea8800a000 Uncommon trap: reason=unstable_if action=reinterpret pc=0x00007fea79358d7c method=com.android.dx.rop.code.RegisterSpec.equals(ILcom/android/dx/rop/type/TypeBearer;Lcom/android/dx/rop/code/LocalItem;)Z @ 42
Event: 37.784 Thread 0x00007fea88199800 Uncommon trap: reason=class_check action=maybe_recompile pc=0x00007fea79ae9e8c method=com.android.dx.ssa.SCCP.simulateBranch(Lcom/android/dx/ssa/SsaInsn;)V @ 145
Event: 37.801 Thread 0x00007fea88199800 Uncommon trap: reason=class_check action=maybe_recompile pc=0x00007fea79ae9e8c method=com.android.dx.ssa.SCCP.simulateBranch(Lcom/android/dx/ssa/SsaInsn;)V @ 145
Event: 38.289 Thread 0x00007fea881a0800 Uncommon trap: reason=unstable_if action=reinterpret pc=0x00007fea79ac14b4 method=com.android.dx.ssa.back.SsaToRop.convertBasicBlock(Lcom/android/dx/ssa/SsaBasicBlock;)Lcom/android/dx/rop/code/BasicBlock; @ 21

Internal exceptions (6 events):
Event: 0.057 Thread 0x00007fea8800a000 Exception <a 'java/lang/NoSuchMethodError': Method sun.misc.Unsafe.defineClass(Ljava/lang/String;[BII)Ljava/lang/Class; name or signature does not match> (0x00000000eab07ca8) thrown at [/HUDSON/workspace/8-2-build-linux-amd64/jdk8u151/9699/hotspot/src/sha
Event: 0.057 Thread 0x00007fea8800a000 Exception <a 'java/lang/NoSuchMethodError': Method sun.misc.Unsafe.prefetchRead(Ljava/lang/Object;J)V name or signature does not match> (0x00000000eab07f90) thrown at [/HUDSON/workspace/8-2-build-linux-amd64/jdk8u151/9699/hotspot/src/share/vm/prims/jni.cp
Event: 3.872 Thread 0x00007fea8819d000 Exception <a 'java/lang/ArrayIndexOutOfBoundsException': 18> (0x00000000ed4a1660) thrown at [/HUDSON/workspace/8-2-build-linux-amd64/jdk8u151/9699/hotspot/src/share/vm/interpreter/interpreterRuntime.cpp, line 366]
Event: 3.874 Thread 0x00007fea8819d000 Exception <a 'java/lang/ArrayIndexOutOfBoundsException': 145> (0x00000000ed4a31e0) thrown at [/HUDSON/workspace/8-2-build-linux-amd64/jdk8u151/9699/hotspot/src/share/vm/interpreter/interpreterRuntime.cpp, line 366]
Event: 3.876 Thread 0x00007fea8819d000 Exception <a 'java/lang/ArrayIndexOutOfBoundsException': 40> (0x00000000ed4a44c8) thrown at [/HUDSON/workspace/8-2-build-linux-amd64/jdk8u151/9699/hotspot/src/share/vm/interpreter/interpreterRuntime.cpp, line 366]
Event: 32.336 Thread 0x00007fea8819d000 Implicit null exception at 0x00007fea79608514 to 0x00007fea7960c545

Events (10 events):
Event: 39.498 Thread 0x00007fea88199800 DEOPT UNPACKING pc=0x00007fea79047633 sp=0x00007fea7072fb40 mode 0
Event: 39.548 Thread 0x00007fea88199800 DEOPT PACKING pc=0x00007fea793099b2 sp=0x00007fea7072fd40
Event: 39.548 Thread 0x00007fea88199800 DEOPT UNPACKING pc=0x00007fea79047633 sp=0x00007fea7072fb60 mode 0
Event: 39.548 Thread 0x00007fea8819f800 DEOPT PACKING pc=0x00007fea793099b2 sp=0x00007fea7042cfa0
Event: 39.581 Thread 0x00007fea8819f800 DEOPT UNPACKING pc=0x00007fea79047633 sp=0x00007fea7042cdc0 mode 0
Event: 39.586 Thread 0x00007fea881a0800 DEOPT PACKING pc=0x00007fea79375aec sp=0x00007fea7032c080
Event: 39.586 Thread 0x00007fea881a0800 DEOPT UNPACKING pc=0x00007fea79047633 sp=0x00007fea7032bd80 mode 0
Event: 39.624 Thread 0x00007fea881a0800 DEOPT PACKING pc=0x00007fea793099b2 sp=0x00007fea7032bf40
Event: 39.624 Thread 0x00007fea881a0800 DEOPT UNPACKING pc=0x00007fea79047633 sp=0x00007fea7032bd60 mode 0
Event: 39.635 Executing VM operation: ParallelGCFailedAllocation


Dynamic libraries:
00400000-00401000 r-xp 00000000 08:05 3945711                            /usr/lib/jvm/java-8-oracle/bin/java
00600000-00601000 rw-p 00000000 08:05 3945711                            /usr/lib/jvm/java-8-oracle/bin/java
00b0b000-00b2c000 rw-p 00000000 00:00 0                                  [heap]
c0000000-d1700000 rw-p 00000000 00:00 0 
d9e00000-eab00000 ---p 00000000 00:00 0 
eab00000-100000000 rw-p 00000000 00:00 0 
100000000-1000c0000 rw-p 00000000 00:00 0 
1000c0000-140000000 ---p 00000000 00:00 0 
7fea2c000000-7fea2c03c000 rw-p 00000000 00:00 0 
7fea2c03c000-7fea30000000 ---p 00000000 00:00 0 
7fea30000000-7fea30034000 rw-p 00000000 00:00 0 
7fea30034000-7fea34000000 ---p 00000000 00:00 0 
7fea34000000-7fea34021000 rw-p 00000000 00:00 0 
7fea34021000-7fea38000000 ---p 00000000 00:00 0 
7fea38000000-7fea38024000 rw-p 00000000 00:00 0 
7fea38024000-7fea3c000000 ---p 00000000 00:00 0 
7fea3c000000-7fea3c021000 rw-p 00000000 00:00 0 
7fea3c021000-7fea40000000 ---p 00000000 00:00 0 
7fea40000000-7fea40045000 rw-p 00000000 00:00 0 
7fea40045000-7fea44000000 ---p 00000000 00:00 0 
7fea44000000-7fea44b00000 rw-p 00000000 00:00 0 
7fea44b00000-7fea48000000 ---p 00000000 00:00 0 
7fea48000000-7fea48021000 rw-p 00000000 00:00 0 
7fea48021000-7fea4c000000 ---p 00000000 00:00 0 
7fea4c000000-7fea4d74b000 rw-p 00000000 00:00 0 
7fea4d74b000-7fea50000000 ---p 00000000 00:00 0 
7fea50000000-7fea5140f000 rw-p 00000000 00:00 0 
7fea5140f000-7fea54000000 ---p 00000000 00:00 0 
7fea54000000-7fea54021000 rw-p 00000000 00:00 0 
7fea54021000-7fea58000000 ---p 00000000 00:00 0 
7fea58000000-7fea58021000 rw-p 00000000 00:00 0 
7fea58021000-7fea5c000000 ---p 00000000 00:00 0 
7fea5c000000-7fea5c29a000 rw-p 00000000 00:00 0 
7fea5c29a000-7fea60000000 ---p 00000000 00:00 0 
7fea60000000-7fea60021000 rw-p 00000000 00:00 0 
7fea60021000-7fea64000000 ---p 00000000 00:00 0 
7fea64000000-7fea64021000 rw-p 00000000 00:00 0 
7fea64021000-7fea68000000 ---p 00000000 00:00 0 
7fea68000000-7fea68021000 rw-p 00000000 00:00 0 
7fea68021000-7fea6c000000 ---p 00000000 00:00 0 
7fea6c000000-7fea6c021000 rw-p 00000000 00:00 0 
7fea6c021000-7fea70000000 ---p 00000000 00:00 0 
7fea7022d000-7fea70230000 ---p 00000000 00:00 0 
7fea70230000-7fea7032e000 rw-p 00000000 00:00 0 
7fea7032e000-7fea70331000 ---p 00000000 00:00 0 
7fea70331000-7fea7042f000 rw-p 00000000 00:00 0 
7fea7042f000-7fea70432000 ---p 00000000 00:00 0 
7fea70432000-7fea70530000 rw-p 00000000 00:00 0 
7fea70530000-7fea70533000 ---p 00000000 00:00 0 
7fea70533000-7fea70631000 rw-p 00000000 00:00 0 
7fea70631000-7fea70634000 ---p 00000000 00:00 0 
7fea70634000-7fea70732000 rw-p 00000000 00:00 0 
7fea70732000-7fea70733000 ---p 00000000 00:00 0 
7fea70733000-7fea70833000 rw-p 00000000 00:00 0 
7fea70833000-7fea70836000 ---p 00000000 00:00 0 
7fea70836000-7fea70934000 rw-p 00000000 00:00 0 
7fea70934000-7fea70937000 ---p 00000000 00:00 0 
7fea70937000-7fea70a35000 rw-p 00000000 00:00 0 
7fea70a35000-7fea70a38000 ---p 00000000 00:00 0 
7fea70a38000-7fea70b36000 rw-p 00000000 00:00 0 
7fea70b36000-7fea70b39000 ---p 00000000 00:00 0 
7fea70b39000-7fea70c37000 rw-p 00000000 00:00 0 
7fea70c37000-7fea70c3a000 ---p 00000000 00:00 0 
7fea70c3a000-7fea70d38000 rw-p 00000000 00:00 0 
7fea70d38000-7fea716f7000 r--p 00000000 08:05 3938888                    /usr/lib/locale/locale-archive
7fea716f7000-7fea716fa000 ---p 00000000 00:00 0 
7fea716fa000-7fea717f8000 rw-p 00000000 00:00 0 
7fea717f8000-7fea717fb000 ---p 00000000 00:00 0 
7fea717fb000-7fea718f9000 rw-p 00000000 00:00 0 
7fea718f9000-7fea718fa000 ---p 00000000 00:00 0 
7fea718fa000-7fea74000000 rw-p 00000000 00:00 0 
7fea74000000-7fea74021000 rw-p 00000000 00:00 0 
7fea74021000-7fea78000000 ---p 00000000 00:00 0 
7fea7807d000-7fea780d8000 r--s 0043c000 08:05 4195987                    /home/ms/msword/android/app/build/intermediates/transforms/jarMerging/debug/jars/1/1f/combined.jar
7fea780d8000-7fea78ec0000 rw-p 00000000 00:00 0 
7fea78ec0000-7fea79000000 ---p 00000000 00:00 0 
7fea79000000-7fea79b00000 rwxp 00000000 00:00 0 
7fea79b00000-7fea88000000 ---p 00000000 00:00 0 
7fea88000000-7fea883cc000 rw-p 00000000 00:00 0 
7fea883cc000-7fea8c000000 ---p 00000000 00:00 0 
7fea8c003000-7fea8c296000 rw-p 00000000 00:00 0 
7fea8c296000-7fea8c46f000 r--s 03d5a000 08:05 3947257                    /usr/lib/jvm/java-8-oracle/jre/lib/rt.jar
7fea8c46f000-7fea8c6e5000 rw-p 00000000 00:00 0 
7fea8c6e5000-7fea8c6e6000 ---p 00000000 00:00 0 
7fea8c6e6000-7fea8c7e6000 rw-p 00000000 00:00 0 
7fea8c7e6000-7fea8c7e7000 ---p 00000000 00:00 0 
7fea8c7e7000-7fea8c8e7000 rw-p 00000000 00:00 0 
7fea8c8e7000-7fea8c8e8000 ---p 00000000 00:00 0 
7fea8c8e8000-7fea8c9e8000 rw-p 00000000 00:00 0 
7fea8c9e8000-7fea8c9e9000 ---p 00000000 00:00 0 
7fea8c9e9000-7fea8cb75000 rw-p 00000000 00:00 0 
7fea8cb75000-7fea8cc3f000 ---p 00000000 00:00 0 
7fea8cc3f000-7fea8cccb000 rw-p 00000000 00:00 0 
7fea8cccb000-7fea8cd94000 ---p 00000000 00:00 0 
7fea8cd94000-7fea8ce3f000 rw-p 00000000 00:00 0 
7fea8ce3f000-7fea8ce6c000 rw-p 00000000 00:00 0 
7fea8ce6c000-7fea8d200000 ---p 00000000 00:00 0 
7fea8d200000-7fea8d21b000 r-xp 00000000 08:05 3947467                    /usr/lib/jvm/java-8-oracle/jre/lib/amd64/libzip.so
7fea8d21b000-7fea8d41b000 ---p 0001b000 08:05 3947467                    /usr/lib/jvm/java-8-oracle/jre/lib/amd64/libzip.so
7fea8d41b000-7fea8d41c000 rw-p 0001b000 08:05 3947467                    /usr/lib/jvm/java-8-oracle/jre/lib/amd64/libzip.so
7fea8d41c000-7fea8d427000 r-xp 00000000 08:05 5771870                    /lib/x86_64-linux-gnu/libnss_files-2.23.so
7fea8d427000-7fea8d626000 ---p 0000b000 08:05 5771870                    /lib/x86_64-linux-gnu/libnss_files-2.23.so
7fea8d626000-7fea8d627000 r--p 0000a000 08:05 5771870                    /lib/x86_64-linux-gnu/libnss_files-2.23.so
7fea8d627000-7fea8d628000 rw-p 0000b000 08:05 5771870                    /lib/x86_64-linux-gnu/libnss_files-2.23.so
7fea8d628000-7fea8d62e000 rw-p 00000000 00:00 0 
7fea8d62e000-7fea8d639000 r-xp 00000000 08:05 5771880                    /lib/x86_64-linux-gnu/libnss_nis-2.23.so
7fea8d639000-7fea8d838000 ---p 0000b000 08:05 5771880                    /lib/x86_64-linux-gnu/libnss_nis-2.23.so
7fea8d838000-7fea8d839000 r--p 0000a000 08:05 5771880                    /lib/x86_64-linux-gnu/libnss_nis-2.23.so
7fea8d839000-7fea8d83a000 rw-p 0000b000 08:05 5771880                    /lib/x86_64-linux-gnu/libnss_nis-2.23.so
7fea8d83a000-7fea8d850000 r-xp 00000000 08:05 5771864                    /lib/x86_64-linux-gnu/libnsl-2.23.so
7fea8d850000-7fea8da4f000 ---p 00016000 08:05 5771864                    /lib/x86_64-linux-gnu/libnsl-2.23.so
7fea8da4f000-7fea8da50000 r--p 00015000 08:05 5771864                    /lib/x86_64-linux-gnu/libnsl-2.23.so
7fea8da50000-7fea8da51000 rw-p 00016000 08:05 5771864                    /lib/x86_64-linux-gnu/libnsl-2.23.so
7fea8da51000-7fea8da53000 rw-p 00000000 00:00 0 
7fea8da53000-7fea8da5b000 r-xp 00000000 08:05 5771866                    /lib/x86_64-linux-gnu/libnss_compat-2.23.so
7fea8da5b000-7fea8dc5a000 ---p 00008000 08:05 5771866                    /lib/x86_64-linux-gnu/libnss_compat-2.23.so
7fea8dc5a000-7fea8dc5b000 r--p 00007000 08:05 5771866                    /lib/x86_64-linux-gnu/libnss_compat-2.23.so
7fea8dc5b000-7fea8dc5c000 rw-p 00008000 08:05 5771866                    /lib/x86_64-linux-gnu/libnss_compat-2.23.so
7fea8dc5c000-7fea8dc87000 r-xp 00000000 08:05 3947461                    /usr/lib/jvm/java-8-oracle/jre/lib/amd64/libjava.so
7fea8dc87000-7fea8de86000 ---p 0002b000 08:05 3947461                    /usr/lib/jvm/java-8-oracle/jre/lib/amd64/libjava.so
7fea8de86000-7fea8de88000 rw-p 0002a000 08:05 3947461                    /usr/lib/jvm/java-8-oracle/jre/lib/amd64/libjava.so
7fea8de88000-7fea8de95000 r-xp 00000000 08:05 3947466                    /usr/lib/jvm/java-8-oracle/jre/lib/amd64/libverify.so
7fea8de95000-7fea8e095000 ---p 0000d000 08:05 3947466                    /usr/lib/jvm/java-8-oracle/jre/lib/amd64/libverify.so
7fea8e095000-7fea8e097000 rw-p 0000d000 08:05 3947466                    /usr/lib/jvm/java-8-oracle/jre/lib/amd64/libverify.so
7fea8e097000-7fea8e09e000 r-xp 00000000 08:05 5771925                    /lib/x86_64-linux-gnu/librt-2.23.so
7fea8e09e000-7fea8e29d000 ---p 00007000 08:05 5771925                    /lib/x86_64-linux-gnu/librt-2.23.so
7fea8e29d000-7fea8e29e000 r--p 00006000 08:05 5771925                    /lib/x86_64-linux-gnu/librt-2.23.so
7fea8e29e000-7fea8e29f000 rw-p 00007000 08:05 5771925                    /lib/x86_64-linux-gnu/librt-2.23.so
7fea8e29f000-7fea8e3a7000 r-xp 00000000 08:05 5771843                    /lib/x86_64-linux-gnu/libm-2.23.so
7fea8e3a7000-7fea8e5a6000 ---p 00108000 08:05 5771843                    /lib/x86_64-linux-gnu/libm-2.23.so
7fea8e5a6000-7fea8e5a7000 r--p 00107000 08:05 5771843                    /lib/x86_64-linux-gnu/libm-2.23.so
7fea8e5a7000-7fea8e5a8000 rw-p 00108000 08:05 5771843                    /lib/x86_64-linux-gnu/libm-2.23.so
7fea8e5a8000-7fea8f27b000 r-xp 00000000 08:05 3947444                    /usr/lib/jvm/java-8-oracle/jre/lib/amd64/server/libjvm.so
7fea8f27b000-7fea8f47a000 ---p 00cd3000 08:05 3947444                    /usr/lib/jvm/java-8-oracle/jre/lib/amd64/server/libjvm.so
7fea8f47a000-7fea8f554000 rw-p 00cd2000 08:05 3947444                    /usr/lib/jvm/java-8-oracle/jre/lib/amd64/server/libjvm.so
7fea8f554000-7fea8f59f000 rw-p 00000000 00:00 0 
7fea8f59f000-7fea8f75f000 r-xp 00000000 08:05 5771775                    /lib/x86_64-linux-gnu/libc-2.23.so
7fea8f75f000-7fea8f95f000 ---p 001c0000 08:05 5771775                    /lib/x86_64-linux-gnu/libc-2.23.so
7fea8f95f000-7fea8f963000 r--p 001c0000 08:05 5771775                    /lib/x86_64-linux-gnu/libc-2.23.so
7fea8f963000-7fea8f965000 rw-p 001c4000 08:05 5771775                    /lib/x86_64-linux-gnu/libc-2.23.so
7fea8f965000-7fea8f969000 rw-p 00000000 00:00 0 
7fea8f969000-7fea8f96c000 r-xp 00000000 08:05 5771797                    /lib/x86_64-linux-gnu/libdl-2.23.so
7fea8f96c000-7fea8fb6b000 ---p 00003000 08:05 5771797                    /lib/x86_64-linux-gnu/libdl-2.23.so
7fea8fb6b000-7fea8fb6c000 r--p 00002000 08:05 5771797                    /lib/x86_64-linux-gnu/libdl-2.23.so
7fea8fb6c000-7fea8fb6d000 rw-p 00003000 08:05 5771797                    /lib/x86_64-linux-gnu/libdl-2.23.so
7fea8fb6d000-7fea8fb83000 r-xp 00000000 08:05 3947072                    /usr/lib/jvm/java-8-oracle/lib/amd64/jli/libjli.so
7fea8fb83000-7fea8fd82000 ---p 00016000 08:05 3947072                    /usr/lib/jvm/java-8-oracle/lib/amd64/jli/libjli.so
7fea8fd82000-7fea8fd83000 rw-p 00015000 08:05 3947072                    /usr/lib/jvm/java-8-oracle/lib/amd64/jli/libjli.so
7fea8fd83000-7fea8fd9b000 r-xp 00000000 08:05 5771917                    /lib/x86_64-linux-gnu/libpthread-2.23.so
7fea8fd9b000-7fea8ff9a000 ---p 00018000 08:05 5771917                    /lib/x86_64-linux-gnu/libpthread-2.23.so
7fea8ff9a000-7fea8ff9b000 r--p 00017000 08:05 5771917                    /lib/x86_64-linux-gnu/libpthread-2.23.so
7fea8ff9b000-7fea8ff9c000 rw-p 00018000 08:05 5771917                    /lib/x86_64-linux-gnu/libpthread-2.23.so
7fea8ff9c000-7fea8ffa0000 rw-p 00000000 00:00 0 
7fea8ffa0000-7fea8ffc6000 r-xp 00000000 08:05 5771747                    /lib/x86_64-linux-gnu/ld-2.23.so
7fea8ffc9000-7fea900a2000 rw-p 00000000 00:00 0 
7fea900a2000-7fea900a5000 ---p 00000000 00:00 0 
7fea900a5000-7fea901a7000 rw-p 00000000 00:00 0 
7fea901aa000-7fea901b9000 r--s 000df000 08:05 6827987                    /home/ms/Android/Sdk/build-tools/23.0.1/lib/dx.jar
7fea901b9000-7fea901c1000 rw-s 00000000 08:05 6175915                    /tmp/hsperfdata_ms/25536
7fea901c1000-7fea901c2000 rw-p 00000000 00:00 0 
7fea901c2000-7fea901c3000 ---p 00000000 00:00 0 
7fea901c3000-7fea901c5000 rw-p 00000000 00:00 0 
7fea901c5000-7fea901c6000 r--p 00025000 08:05 5771747                    /lib/x86_64-linux-gnu/ld-2.23.so
7fea901c6000-7fea901c7000 rw-p 00026000 08:05 5771747                    /lib/x86_64-linux-gnu/ld-2.23.so
7fea901c7000-7fea901c8000 rw-p 00000000 00:00 0 
7ffe70c2e000-7ffe70c50000 rw-p 00000000 00:00 0                          [stack]
7ffe70cea000-7ffe70cec000 r--p 00000000 00:00 0                          [vvar]
7ffe70cec000-7ffe70cee000 r-xp 00000000 00:00 0                          [vdso]
ffffffffff600000-ffffffffff601000 r-xp 00000000 00:00 0                  [vsyscall]

VM Arguments:
jvm_args: -Djava.awt.headless=true -Xmx1024M -Dfile.encoding=UTF-8 -Duser.country=US -Duser.language=en -Duser.variant 
java_command: com.android.dx.command.Main --dex --num-threads=4 --multi-dex --main-dex-list /home/ms/msword/android/app/build/intermediates/multi-dex/debug/maindexlist.txt --output /home/ms/msword/android/app/build/intermediates/transforms/dex/debug/folders/1000/1f/main /home/ms/msword/android/app/build/intermediates/transforms/jarMerging/debug/jars/1/1f/combined.jar
java_class_path (initial): /home/ms/Android/Sdk/build-tools/23.0.1/lib/dx.jar
Launcher Type: SUN_STANDARD

Environment Variables:
JAVA_HOME=/usr/lib/jvm/java-8-oracle
PATH=/home/ms/.yarn/bin:/home/ms/.local/share/umake/bin:/home/ms/bin:/home/ms/.local/bin:/usr/local/sbin:/usr/local/bin:/usr/sbin:/usr/bin:/sbin:/bin:/usr/games:/usr/local/games:/snap/bin:/usr/lib/jvm/java-8-oracle/bin:/usr/lib/jvm/java-8-oracle/db/bin:/usr/lib/jvm/java-8-oracle/jre/bin
SHELL=/bin/bash
DISPLAY=:0.0

Signal Handlers:
SIGSEGV: [libjvm.so+0xacbe10], sa_mask[0]=11111111011111111101111111111110, sa_flags=SA_RESTART|SA_SIGINFO
SIGBUS: [libjvm.so+0xacbe10], sa_mask[0]=11111111011111111101111111111110, sa_flags=SA_RESTART|SA_SIGINFO
SIGFPE: [libjvm.so+0x924f90], sa_mask[0]=11111111011111111101111111111110, sa_flags=SA_RESTART|SA_SIGINFO
SIGPIPE: [libjvm.so+0x924f90], sa_mask[0]=11111111011111111101111111111110, sa_flags=SA_RESTART|SA_SIGINFO
SIGXFSZ: [libjvm.so+0x924f90], sa_mask[0]=11111111011111111101111111111110, sa_flags=SA_RESTART|SA_SIGINFO
SIGILL: [libjvm.so+0x924f90], sa_mask[0]=11111111011111111101111111111110, sa_flags=SA_RESTART|SA_SIGINFO
SIGUSR1: SIG_DFL, sa_mask[0]=00000000000000000000000000000000, sa_flags=none
SIGUSR2: [libjvm.so+0x9267d0], sa_mask[0]=00100000000000000000000000000000, sa_flags=SA_RESTART|SA_SIGINFO
SIGHUP: [libjvm.so+0x927bd0], sa_mask[0]=11111111011111111101111111111110, sa_flags=SA_RESTART|SA_SIGINFO
SIGINT: [libjvm.so+0x927bd0], sa_mask[0]=11111111011111111101111111111110, sa_flags=SA_RESTART|SA_SIGINFO
SIGTERM: [libjvm.so+0x927bd0], sa_mask[0]=11111111011111111101111111111110, sa_flags=SA_RESTART|SA_SIGINFO
SIGQUIT: [libjvm.so+0x927bd0], sa_mask[0]=11111111011111111101111111111110, sa_flags=SA_RESTART|SA_SIGINFO


---------------  S Y S T E M  ---------------

OS:DISTRIB_ID=Ubuntu
DISTRIB_RELEASE=16.04
DISTRIB_CODENAME=xenial
DISTRIB_DESCRIPTION="Ubuntu 16.04.3 LTS"

uname:Linux 4.10.0-38-generic #42~16.04.1-Ubuntu SMP Tue Oct 10 16:32:20 UTC 2017 x86_64
libc:glibc 2.23 NPTL 2.23 
rlimit: STACK 8192k, CORE 0k, NPROC 14395, NOFILE 1048576, AS infinity
load average:5.09 6.54 5.32

/proc/meminfo:
MemTotal:        3925356 kB
MemFree:          102172 kB
MemAvailable:      52932 kB
Buffers:            2232 kB
Cached:           130752 kB
SwapCached:            0 kB
Active:          3489360 kB
Inactive:          81468 kB
Active(anon):    3439600 kB
Inactive(anon):    30992 kB
Active(file):      49760 kB
Inactive(file):    50476 kB
Unevictable:         448 kB
Mlocked:             448 kB
SwapTotal:             0 kB
SwapFree:              0 kB
Dirty:               184 kB
Writeback:             0 kB
AnonPages:       3438580 kB
Mapped:           155104 kB
Shmem:             32552 kB
Slab:              84012 kB
SReclaimable:      39708 kB
SUnreclaim:        44304 kB
KernelStack:       12704 kB
PageTables:        47044 kB
NFS_Unstable:          0 kB
Bounce:                0 kB
WritebackTmp:          0 kB
CommitLimit:     1962676 kB
Committed_AS:    9141832 kB
VmallocTotal:   34359738367 kB
VmallocUsed:           0 kB
VmallocChunk:          0 kB
HardwareCorrupted:     0 kB
AnonHugePages:   1161216 kB
ShmemHugePages:        0 kB
ShmemPmdMapped:        0 kB
CmaTotal:              0 kB
CmaFree:               0 kB
HugePages_Total:       0
HugePages_Free:        0
HugePages_Rsvd:        0
HugePages_Surp:        0
Hugepagesize:       2048 kB
DirectMap4k:      333468 kB
DirectMap2M:     3741696 kB
DirectMap1G:           0 kB


CPU:total 4 (initial active 4) (2 cores per cpu, 2 threads per core) family 6 model 69 stepping 1, cmov, cx8, fxsr, mmx, sse, sse2, sse3, ssse3, sse4.1, sse4.2, popcnt, avx, avx2, aes, clmul, erms, lzcnt, ht, tsc, tscinvbit, bmi1, bmi2

/proc/cpuinfo:
processor	: 0
vendor_id	: GenuineIntel
cpu family	: 6
model		: 69
model name	: Intel(R) Core(TM) i5-4210U CPU @ 1.70GHz
stepping	: 1
microcode	: 0x20
cpu MHz		: 799.951
cache size	: 3072 KB
physical id	: 0
siblings	: 4
core id		: 0
cpu cores	: 2
apicid		: 0
initial apicid	: 0
fpu		: yes
fpu_exception	: yes
cpuid level	: 13
wp		: yes
flags		: fpu vme de pse tsc msr pae mce cx8 apic sep mtrr pge mca cmov pat pse36 clflush dts acpi mmx fxsr sse sse2 ss ht tm pbe syscall nx pdpe1gb rdtscp lm constant_tsc arch_perfmon pebs bts rep_good nopl xtopology nonstop_tsc aperfmperf pni pclmulqdq dtes64 monitor ds_cpl vmx est tm2 ssse3 sdbg fma cx16 xtpr pdcm pcid sse4_1 sse4_2 movbe popcnt tsc_deadline_timer aes xsave avx f16c rdrand lahf_lm abm epb tpr_shadow vnmi flexpriority ept vpid fsgsbase tsc_adjust bmi1 avx2 smep bmi2 erms invpcid xsaveopt dtherm ida arat pln pts
bugs		:
bogomips	: 4788.69
clflush size	: 64
cache_alignment	: 64
address sizes	: 39 bits physical, 48 bits virtual
power management:

processor	: 1
vendor_id	: GenuineIntel
cpu family	: 6
model		: 69
model name	: Intel(R) Core(TM) i5-4210U CPU @ 1.70GHz
stepping	: 1
microcode	: 0x20
cpu MHz		: 799.951
cache size	: 3072 KB
physical id	: 0
siblings	: 4
core id		: 1
cpu cores	: 2
apicid		: 2
initial apicid	: 2
fpu		: yes
fpu_exception	: yes
cpuid level	: 13
wp		: yes
flags		: fpu vme de pse tsc msr pae mce cx8 apic sep mtrr pge mca cmov pat pse36 clflush dts acpi mmx fxsr sse sse2 ss ht tm pbe syscall nx pdpe1gb rdtscp lm constant_tsc arch_perfmon pebs bts rep_good nopl xtopology nonstop_tsc aperfmperf pni pclmulqdq dtes64 monitor ds_cpl vmx est tm2 ssse3 sdbg fma cx16 xtpr pdcm pcid sse4_1 sse4_2 movbe popcnt tsc_deadline_timer aes xsave avx f16c rdrand lahf_lm abm epb tpr_shadow vnmi flexpriority ept vpid fsgsbase tsc_adjust bmi1 avx2 smep bmi2 erms invpcid xsaveopt dtherm ida arat pln pts
bugs		:
bogomips	: 4788.69
clflush size	: 64
cache_alignment	: 64
address sizes	: 39 bits physical, 48 bits virtual
power management:

processor	: 2
vendor_id	: GenuineIntel
cpu family	: 6
model		: 69
model name	: Intel(R) Core(TM) i5-4210U CPU @ 1.70GHz
stepping	: 1
microcode	: 0x20
cpu MHz		: 799.951
cache size	: 3072 KB
physical id	: 0
siblings	: 4
core id		: 0
cpu cores	: 2
apicid		: 1
initial apicid	: 1
fpu		: yes
fpu_exception	: yes
cpuid level	: 13
wp		: yes
flags		: fpu vme de pse tsc msr pae mce cx8 apic sep mtrr pge mca cmov pat pse36 clflush dts acpi mmx fxsr sse sse2 ss ht tm pbe syscall nx pdpe1gb rdtscp lm constant_tsc arch_perfmon pebs bts rep_good nopl xtopology nonstop_tsc aperfmperf pni pclmulqdq dtes64 monitor ds_cpl vmx est tm2 ssse3 sdbg fma cx16 xtpr pdcm pcid sse4_1 sse4_2 movbe popcnt tsc_deadline_timer aes xsave avx f16c rdrand lahf_lm abm epb tpr_shadow vnmi flexpriority ept vpid fsgsbase tsc_adjust bmi1 avx2 smep bmi2 erms invpcid xsaveopt dtherm ida arat pln pts
bugs		:
bogomips	: 4788.69
clflush size	: 64
cache_alignment	: 64
address sizes	: 39 bits physical, 48 bits virtual
power management:

processor	: 3
vendor_id	: GenuineIntel
cpu family	: 6
model		: 69
model name	: Intel(R) Core(TM) i5-4210U CPU @ 1.70GHz
stepping	: 1
microcode	: 0x20
cpu MHz		: 799.951
cache size	: 3072 KB
physical id	: 0
siblings	: 4
core id		: 1
cpu cores	: 2
apicid		: 3
initial apicid	: 3
fpu		: yes
fpu_exception	: yes
cpuid level	: 13
wp		: yes
flags		: fpu vme de pse tsc msr pae mce cx8 apic sep mtrr pge mca cmov pat pse36 clflush dts acpi mmx fxsr sse sse2 ss ht tm pbe syscall nx pdpe1gb rdtscp lm constant_tsc arch_perfmon pebs bts rep_good nopl xtopology nonstop_tsc aperfmperf pni pclmulqdq dtes64 monitor ds_cpl vmx est tm2 ssse3 sdbg fma cx16 xtpr pdcm pcid sse4_1 sse4_2 movbe popcnt tsc_deadline_timer aes xsave avx f16c rdrand lahf_lm abm epb tpr_shadow vnmi flexpriority ept vpid fsgsbase tsc_adjust bmi1 avx2 smep bmi2 erms invpcid xsaveopt dtherm ida arat pln pts
bugs		:
bogomips	: 4788.69
clflush size	: 64
cache_alignment	: 64
address sizes	: 39 bits physical, 48 bits virtual
power management:



Memory: 4k page, physical 3925356k(102740k free), swap 0k(0k free)

vm_info: Java HotSpot(TM) 64-Bit Server VM (25.151-b12) for linux-amd64 JRE (1.8.0_151-b12), built on Sep  5 2017 19:20:58 by "java_re" with gcc 4.3.0 20080428 (Red Hat 4.3.0-8)

time: Sat Dec  2 18:33:02 2017
elapsed time: 46 seconds (0d 0h 0m 46s)

